<?xml version="1.0" encoding="UTF-8"?>
<!-- Generated by org.testng.reporters.JUnitXMLReporter -->
<testsuite ignored="1" hostname="DESKTOP-14HHMMO" failures="0" tests="4" name="LoginTestCases" time="21.234" errors="0" timestamp="2022-11-12T07:34:42 IST">
  <testcase classname="com.testCases.LoginTestCases" name="invalidPassword" time="0.834"/>
  <testcase classname="com.testCases.LoginTestCases" name="invalidPassword" time="0.665"/>
  <testcase classname="com.testCases.LoginTestCases" name="invalidUsername" time="0.453"/>
  <testcase classname="com.testCases.LoginTestCases" name="invalidUsername" time="0.453"/>
  <testcase classname="com.testCases.LoginTestCases" name="loginHappyPath" time="0.0">
    <ignored/>
  </testcase> <!-- loginHappyPath -->
</testsuite> <!-- LoginTestCases -->
