<?xml version="1.0" encoding="UTF-8"?>
<!-- Generated by org.testng.reporters.JUnitXMLReporter -->
<testsuite ignored="1" hostname="DESKTOP-14HHMMO" failures="0" tests="4" name="LoginTestCases" time="23.529" errors="0" timestamp="2022-11-12T18:46:39 IST">
  <testcase classname="com.testCases.LoginTestCases" name="invalidPassword" time="0.724"/>
  <testcase classname="com.testCases.LoginTestCases" name="invalidPassword" time="0.597"/>
  <testcase classname="com.testCases.LoginTestCases" name="invalidUsername" time="0.563"/>
  <testcase classname="com.testCases.LoginTestCases" name="invalidUsername" time="0.509"/>
  <testcase classname="com.testCases.LoginTestCases" name="loginHappyPath" time="0.0">
    <ignored/>
  </testcase> <!-- loginHappyPath -->
</testsuite> <!-- LoginTestCases -->
