<?xml version="1.0" encoding="UTF-8"?>
<!-- Generated by org.testng.reporters.JUnitXMLReporter -->
<testsuite ignored="1" hostname="DESKTOP-14HHMMO" failures="0" tests="1" name="UrlValidationTestCases" time="14.716" errors="0" timestamp="2022-11-12T07:34:36 IST">
  <testcase classname="com.testCases.UrlValidationTestCases" name="invalidUrlValidation" time="5.515"/>
  <testcase classname="com.testCases.UrlValidationTestCases" name="urlValidationHappyPath" time="0.0">
    <ignored/>
  </testcase> <!-- urlValidationHappyPath -->
</testsuite> <!-- UrlValidationTestCases -->
