<?xml version="1.0" encoding="UTF-8"?>
<!-- Generated by org.testng.reporters.JUnitXMLReporter -->
<testsuite ignored="2" hostname="DESKTOP-14HHMMO" failures="0" tests="0" time="0.023" errors="0" timestamp="2022-11-07T12:42:20 IST">
  <testcase classname="com.testCases.UrlValidationTestCases" name="invalidUrlValidation" time="0.0">
    <ignored/>
  </testcase> <!-- invalidUrlValidation -->
  <testcase classname="com.testCases.UrlValidationTestCases" name="urlValidationHappyPath" time="0.0">
    <ignored/>
  </testcase> <!-- urlValidationHappyPath -->
</testsuite>
