<?xml version="1.0" encoding="UTF-8"?>
<testng-results ignored="5" total="5" passed="0" failed="0" skipped="0">
  <reporter-output>
  </reporter-output>
  <suite started-at="2022-11-07T12:42:19 IST" name="Suite" finished-at="2022-11-07T12:42:19 IST" duration-ms="27">
    <groups>
    </groups>
    <test started-at="2022-11-07T12:42:19 IST" name="LoginTestCases" finished-at="2022-11-07T12:42:19 IST" duration-ms="27">
    </test> <!-- LoginTestCases -->
    <test started-at="2022-11-07T12:42:19 IST" name="UrlValidationTestCases" finished-at="2022-11-07T12:42:19 IST" duration-ms="23">
    </test> <!-- UrlValidationTestCases -->
  </suite> <!-- Suite -->
</testng-results>
