<?xml version="1.0" encoding="UTF-8"?>
<testng-results ignored="2" total="7" passed="5" failed="0" skipped="0">
  <reporter-output>
  </reporter-output>
  <suite started-at="2022-11-12T07:34:21 IST" name="Suite" finished-at="2022-11-12T07:34:42 IST" duration-ms="21234">
    <groups>
      <group name="ErrorValidation">
        <method signature="LoginTestCases.invalidPassword(java.util.HashMap)[pri:0, instance:com.testCases.LoginTestCases@38aa816f]" name="invalidPassword" class="com.testCases.LoginTestCases"/>
        <method signature="LoginTestCases.invalidUsername(java.util.HashMap)[pri:0, instance:com.testCases.LoginTestCases@38aa816f]" name="invalidUsername" class="com.testCases.LoginTestCases"/>
        <method signature="UrlValidationTestCases.invalidUrlValidation()[pri:0, instance:com.testCases.UrlValidationTestCases@6995bf68]" name="invalidUrlValidation" class="com.testCases.UrlValidationTestCases"/>
      </group> <!-- ErrorValidation -->
    </groups>
    <test started-at="2022-11-12T07:34:21 IST" name="UrlValidationTestCases" finished-at="2022-11-12T07:34:36 IST" duration-ms="14716">
      <class name="com.testCases.UrlValidationTestCases">
        <test-method is-config="true" signature="launchWebSite(java.lang.String)[pri:0, instance:com.testCases.UrlValidationTestCases@6995bf68]" started-at="2022-11-12T07:34:21 IST" name="launchWebSite" finished-at="2022-11-12T07:34:29 IST" duration-ms="8171" status="PASS">
          <params>
            <param index="0">
              <value>
                <![CDATA[https://rahulshettyacademy.com/client]]>
              </value>
            </param>
          </params>
          <reporter-output>
          </reporter-output>
        </test-method> <!-- launchWebSite -->
        <test-method signature="invalidUrlValidation()[pri:0, instance:com.testCases.UrlValidationTestCases@6995bf68]" started-at="2022-11-12T07:34:29 IST" name="invalidUrlValidation" finished-at="2022-11-12T07:34:35 IST" duration-ms="5515" status="PASS">
          <reporter-output>
          </reporter-output>
        </test-method> <!-- invalidUrlValidation -->
        <test-method is-config="true" signature="quiteBrowser()[pri:0, instance:com.testCases.UrlValidationTestCases@6995bf68]" started-at="2022-11-12T07:34:35 IST" name="quiteBrowser" finished-at="2022-11-12T07:34:36 IST" duration-ms="962" status="PASS">
          <reporter-output>
          </reporter-output>
        </test-method> <!-- quiteBrowser -->
      </class> <!-- com.testCases.UrlValidationTestCases -->
    </test> <!-- UrlValidationTestCases -->
    <test started-at="2022-11-12T07:34:21 IST" name="LoginTestCases" finished-at="2022-11-12T07:34:42 IST" duration-ms="21234">
      <class name="com.testCases.LoginTestCases">
        <test-method is-config="true" signature="launchWebSite(java.lang.String)[pri:0, instance:com.testCases.LoginTestCases@38aa816f]" started-at="2022-11-12T07:34:22 IST" name="launchWebSite" finished-at="2022-11-12T07:34:29 IST" duration-ms="7688" status="PASS">
          <params>
            <param index="0">
              <value>
                <![CDATA[https://rahulshettyacademy.com/client]]>
              </value>
            </param>
          </params>
          <reporter-output>
          </reporter-output>
        </test-method> <!-- launchWebSite -->
        <test-method signature="invalidPassword(java.util.HashMap)[pri:0, instance:com.testCases.LoginTestCases@38aa816f]" started-at="2022-11-12T07:34:29 IST" name="invalidPassword" data-provider="getInvalidPassword" finished-at="2022-11-12T07:34:30 IST" duration-ms="834" status="PASS">
          <params>
            <param index="0">
              <value>
                <![CDATA[{userName=bhargavchokkam@25gmail.com, password=Dheya2m@5562}]]>
              </value>
            </param>
          </params>
          <reporter-output>
          </reporter-output>
        </test-method> <!-- invalidPassword -->
        <test-method is-config="true" signature="quiteBrowser()[pri:0, instance:com.testCases.LoginTestCases@38aa816f]" started-at="2022-11-12T07:34:30 IST" name="quiteBrowser" finished-at="2022-11-12T07:34:30 IST" duration-ms="277" status="PASS">
          <reporter-output>
          </reporter-output>
        </test-method> <!-- quiteBrowser -->
        <test-method is-config="true" signature="launchWebSite(java.lang.String)[pri:0, instance:com.testCases.LoginTestCases@38aa816f]" started-at="2022-11-12T07:34:30 IST" name="launchWebSite" finished-at="2022-11-12T07:34:34 IST" duration-ms="3194" status="PASS">
          <params>
            <param index="0">
              <value>
                <![CDATA[https://rahulshettyacademy.com/client]]>
              </value>
            </param>
          </params>
          <reporter-output>
          </reporter-output>
        </test-method> <!-- launchWebSite -->
        <test-method signature="invalidPassword(java.util.HashMap)[pri:0, instance:com.testCases.LoginTestCases@38aa816f]" started-at="2022-11-12T07:34:34 IST" name="invalidPassword" data-provider="getInvalidPassword" finished-at="2022-11-12T07:34:34 IST" duration-ms="665" status="PASS">
          <params>
            <param index="0">
              <value>
                <![CDATA[{userName=bhargavchokkam@25gmail.com, password=Dheya5562}]]>
              </value>
            </param>
          </params>
          <reporter-output>
          </reporter-output>
        </test-method> <!-- invalidPassword -->
        <test-method is-config="true" signature="quiteBrowser()[pri:0, instance:com.testCases.LoginTestCases@38aa816f]" started-at="2022-11-12T07:34:34 IST" name="quiteBrowser" finished-at="2022-11-12T07:34:35 IST" duration-ms="220" status="PASS">
          <reporter-output>
          </reporter-output>
        </test-method> <!-- quiteBrowser -->
        <test-method is-config="true" signature="launchWebSite(java.lang.String)[pri:0, instance:com.testCases.LoginTestCases@38aa816f]" started-at="2022-11-12T07:34:35 IST" name="launchWebSite" finished-at="2022-11-12T07:34:38 IST" duration-ms="3391" status="PASS">
          <params>
            <param index="0">
              <value>
                <![CDATA[https://rahulshettyacademy.com/client]]>
              </value>
            </param>
          </params>
          <reporter-output>
          </reporter-output>
        </test-method> <!-- launchWebSite -->
        <test-method signature="invalidUsername(java.util.HashMap)[pri:0, instance:com.testCases.LoginTestCases@38aa816f]" started-at="2022-11-12T07:34:38 IST" name="invalidUsername" data-provider="getInvalidUsername" finished-at="2022-11-12T07:34:38 IST" duration-ms="453" status="PASS">
          <params>
            <param index="0">
              <value>
                <![CDATA[{password=Dheyam@5562, username=bhargakkam@gmail.com}]]>
              </value>
            </param>
          </params>
          <reporter-output>
          </reporter-output>
        </test-method> <!-- invalidUsername -->
        <test-method is-config="true" signature="quiteBrowser()[pri:0, instance:com.testCases.LoginTestCases@38aa816f]" started-at="2022-11-12T07:34:38 IST" name="quiteBrowser" finished-at="2022-11-12T07:34:39 IST" duration-ms="186" status="PASS">
          <reporter-output>
          </reporter-output>
        </test-method> <!-- quiteBrowser -->
        <test-method is-config="true" signature="launchWebSite(java.lang.String)[pri:0, instance:com.testCases.LoginTestCases@38aa816f]" started-at="2022-11-12T07:34:39 IST" name="launchWebSite" finished-at="2022-11-12T07:34:42 IST" duration-ms="3104" status="PASS">
          <params>
            <param index="0">
              <value>
                <![CDATA[https://rahulshettyacademy.com/client]]>
              </value>
            </param>
          </params>
          <reporter-output>
          </reporter-output>
        </test-method> <!-- launchWebSite -->
        <test-method signature="invalidUsername(java.util.HashMap)[pri:0, instance:com.testCases.LoginTestCases@38aa816f]" started-at="2022-11-12T07:34:42 IST" name="invalidUsername" data-provider="getInvalidUsername" finished-at="2022-11-12T07:34:42 IST" duration-ms="453" status="PASS">
          <params>
            <param index="0">
              <value>
                <![CDATA[{password=Dheyam@5562, username=bhargachom@mail.com}]]>
              </value>
            </param>
          </params>
          <reporter-output>
          </reporter-output>
        </test-method> <!-- invalidUsername -->
        <test-method is-config="true" signature="quiteBrowser()[pri:0, instance:com.testCases.LoginTestCases@38aa816f]" started-at="2022-11-12T07:34:42 IST" name="quiteBrowser" finished-at="2022-11-12T07:34:42 IST" duration-ms="188" status="PASS">
          <reporter-output>
          </reporter-output>
        </test-method> <!-- quiteBrowser -->
      </class> <!-- com.testCases.LoginTestCases -->
    </test> <!-- LoginTestCases -->
  </suite> <!-- Suite -->
</testng-results>
