<?xml version="1.0" encoding="UTF-8"?>
<!-- Generated by org.testng.reporters.JUnitReportReporter -->
<testsuite hostname="DESKTOP-14HHMMO" failures="0" tests="4" name="com.testCases.LoginTestCases" time="20.653" errors="0" timestamp="2022-11-12T07:34:43 IST" skipped="0">
  <testcase classname="com.testCases.LoginTestCases" name="invalidUsername" time="8.418"/>
  <system-out/>
  <testcase classname="com.testCases.LoginTestCases" name="invalidPassword" time="3.957"/>
  <system-out/>
  <testcase classname="com.testCases.LoginTestCases" name="invalidUsername" time="4.064"/>
  <system-out/>
  <testcase classname="com.testCases.LoginTestCases" name="invalidPassword" time="4.214"/>
  <system-out/>
</testsuite> <!-- com.testCases.LoginTestCases -->
