<?xml version="1.0" encoding="UTF-8"?>
<!-- Generated by org.testng.reporters.JUnitReportReporter -->
<testsuite hostname="DESKTOP-14HHMMO" failures="0" tests="4" name="com.testCases.LoginTestCases" time="22.948" errors="0" timestamp="2022-11-12T18:46:41 IST" skipped="0">
  <testcase classname="com.testCases.LoginTestCases" name="invalidPassword" time="5.281"/>
  <system-out/>
  <testcase classname="com.testCases.LoginTestCases" name="invalidUsername" time="7.056"/>
  <system-out/>
  <testcase classname="com.testCases.LoginTestCases" name="invalidPassword" time="4.924"/>
  <system-out/>
  <testcase classname="com.testCases.LoginTestCases" name="invalidUsername" time="5.687"/>
  <system-out/>
</testsuite> <!-- com.testCases.LoginTestCases -->
